2018-12-06 19:40:29,617  INFO  I18NResourceBundleBuilderImpl.initialize()     [I18NResourceBundleBuilder]
2018-12-06 19:40:29,622  DEBUG I18NResourceBundleBuilderImpl.baseBundleName(String)     [I18NResourceBundleBuilderImpl]
2018-12-06 19:40:29,622  DEBUG I18NResourceBundleBuilderImpl.supportedLocales(Locale...)     [I18NResourceBundleBuilderImpl]
2018-12-06 19:40:29,624  DEBUG I18NResourceBundleBuilderImpl.defaultLocale(Locale)     [I18NResourceBundleBuilderImpl]
2018-12-06 19:40:29,625  DEBUG I18NResourceBundleBuilderImpl.actualLocale(Locale)     [I18NResourceBundleBuilderImpl]
2018-12-06 19:40:29,625  DEBUG I18NResourceBundleBuilderImpl.build()     [I18NResourceBundleBuilderImpl]
2018-12-06 19:40:29,633  INFO  I18NBindingBuilderImpl.initialize()     [I18NBindingBuilderImpl]
2018-12-06 19:40:29,636  DEBUG I18NBindingBuilderImpl.key(String)     [I18NBindingBuilderImpl]
2018-12-06 19:40:29,636  DEBUG I18NBindingBuilderImpl.build()     [I18NBindingBuilderImpl]
2018-12-06 19:40:29,674  INFO  I18NBindingBuilderImpl.initialize()     [I18NBindingBuilderImpl]
2018-12-06 19:40:29,674  DEBUG I18NBindingBuilderImpl.key(String)     [I18NBindingBuilderImpl]
2018-12-06 19:40:29,675  INFO  I18NBindingBuilderImpl.initialize()     [I18NBindingBuilderImpl]
2018-12-06 19:40:29,675  DEBUG I18NBindingBuilderImpl.callable(Callable<String>)     [I18NBindingBuilderImpl]
2018-12-06 19:40:29,675  INFO  I18NResourceBundleBuilderImpl.initialize()     [I18NResourceBundleBuilder]
2018-12-06 19:40:29,676  DEBUG I18NResourceBundleBuilderImpl.baseBundleName(String)     [I18NResourceBundleBuilderImpl]
2018-12-06 19:40:29,676  DEBUG I18NResourceBundleBuilderImpl.supportedLocales(Locale...)     [I18NResourceBundleBuilderImpl]
2018-12-06 19:40:29,676  DEBUG I18NResourceBundleBuilderImpl.defaultLocale(Locale)     [I18NResourceBundleBuilderImpl]
2018-12-06 19:40:29,676  DEBUG I18NResourceBundleBuilderImpl.actualLocale(Locale)     [I18NResourceBundleBuilderImpl]
2018-12-06 19:40:29,676  DEBUG I18NResourceBundleBuilderImpl.build()     [I18NResourceBundleBuilderImpl]
2018-12-06 19:40:29,677  INFO  I18NBindingBuilderImpl.initialize()     [I18NBindingBuilderImpl]
2018-12-06 19:40:29,677  DEBUG I18NBindingBuilderImpl.key(String)     [I18NBindingBuilderImpl]
2018-12-06 19:40:29,677  DEBUG I18NBindingBuilderImpl.arguments(Object...)     [I18NBindingBuilderImpl]
2018-12-06 19:40:29,677  DEBUG I18NBindingBuilderImpl.build()     [I18NBindingBuilderImpl]
2018-12-06 19:40:29,678  INFO  I18NResourceBundleBuilderImpl.initialize()     [I18NResourceBundleBuilder]
2018-12-06 19:40:29,678  DEBUG I18NResourceBundleBuilderImpl.baseBundleName(String)     [I18NResourceBundleBuilderImpl]
2018-12-06 19:40:29,678  DEBUG I18NResourceBundleBuilderImpl.supportedLocales(Locale...)     [I18NResourceBundleBuilderImpl]
2018-12-06 19:40:29,679  DEBUG I18NResourceBundleBuilderImpl.defaultLocale(Locale)     [I18NResourceBundleBuilderImpl]
2018-12-06 19:40:29,679  DEBUG I18NResourceBundleBuilderImpl.actualLocale(Locale)     [I18NResourceBundleBuilderImpl]
2018-12-06 19:40:29,679  DEBUG I18NResourceBundleBuilderImpl.build()     [I18NResourceBundleBuilderImpl]
2018-12-06 19:40:29,679  INFO  I18NBindingBuilderImpl.initialize()     [I18NBindingBuilderImpl]
2018-12-06 19:40:29,680  DEBUG I18NBindingBuilderImpl.callable(Callable<String>)     [I18NBindingBuilderImpl]
2018-12-06 19:40:29,680  DEBUG I18NBindingBuilderImpl.build()     [I18NBindingBuilderImpl]
2018-12-06 19:40:29,686  INFO  I18NMessageBuilderImpl.initialize()     [I18NMessageBuilderImpl]
2018-12-06 19:40:29,687  DEBUG I18NMessageBuilderImpl.key(String)     [I18NMessageBuilderImpl]
2018-12-06 19:40:29,687  DEBUG I18NMessageBuilderImpl.build()     [I18NMessageBuilderImpl]
2018-12-06 19:40:29,687  INFO  I18NMessageBuilderImpl.initialize()     [I18NMessageBuilderImpl]
2018-12-06 19:40:29,687  DEBUG I18NMessageBuilderImpl.key(String)     [I18NMessageBuilderImpl]
2018-12-06 19:40:29,687  DEBUG I18NMessageBuilderImpl.build()     [I18NMessageBuilderImpl]
2018-12-06 19:40:29,688  INFO  I18NBindingBuilderImpl.initialize()     [I18NBindingBuilderImpl]
2018-12-06 19:40:29,688  DEBUG I18NBindingBuilderImpl.key(String)     [I18NBindingBuilderImpl]
2018-12-06 19:40:29,688  INFO  I18NBindingBuilderImpl.initialize()     [I18NBindingBuilderImpl]
2018-12-06 19:40:29,688  DEBUG I18NBindingBuilderImpl.key(String)     [I18NBindingBuilderImpl]
2018-12-06 19:40:29,688  DEBUG I18NBindingBuilderImpl.arguments(Object...)     [I18NBindingBuilderImpl]
2018-12-06 19:40:29,689  INFO  I18NBindingBuilderImpl.initialize()     [I18NBindingBuilderImpl]
2018-12-06 19:40:29,689  DEBUG I18NBindingBuilderImpl.key(String)     [I18NBindingBuilderImpl]
2018-12-06 19:40:29,689  DEBUG I18NBindingBuilderImpl.arguments(Object...)     [I18NBindingBuilderImpl]
2018-12-06 19:40:29,691  INFO  I18NResourceBundleBuilderImpl.initialize()     [I18NResourceBundleBuilder]
2018-12-06 19:40:29,692  DEBUG I18NResourceBundleBuilderImpl.baseBundleName(String)     [I18NResourceBundleBuilderImpl]
2018-12-06 19:40:29,692  DEBUG I18NResourceBundleBuilderImpl.supportedLocales(Locale...)     [I18NResourceBundleBuilderImpl]
2018-12-06 19:40:29,692  DEBUG I18NResourceBundleBuilderImpl.defaultLocale(Locale)     [I18NResourceBundleBuilderImpl]
2018-12-06 19:40:29,692  DEBUG I18NResourceBundleBuilderImpl.actualLocale(Locale)     [I18NResourceBundleBuilderImpl]
2018-12-06 19:40:29,692  DEBUG I18NResourceBundleBuilderImpl.build()     [I18NResourceBundleBuilderImpl]
2018-12-06 19:40:29,692  INFO  I18NMessageBuilderImpl.initialize()     [I18NMessageBuilderImpl]
2018-12-06 19:40:29,693  DEBUG I18NMessageBuilderImpl.key(String)     [I18NMessageBuilderImpl]
2018-12-06 19:40:29,693  DEBUG I18NMessageBuilderImpl.build()     [I18NMessageBuilderImpl]
2018-12-06 19:40:29,693  INFO  I18NMessageBuilderImpl.initialize()     [I18NMessageBuilderImpl]
2018-12-06 19:40:29,693  DEBUG I18NMessageBuilderImpl.key(String)     [I18NMessageBuilderImpl]
2018-12-06 19:40:29,693  DEBUG I18NMessageBuilderImpl.build()     [I18NMessageBuilderImpl]
2018-12-06 19:40:29,694  INFO  I18NMessageBuilderImpl.initialize()     [I18NMessageBuilderImpl]
2018-12-06 19:40:29,694  DEBUG I18NMessageBuilderImpl.key(String)     [I18NMessageBuilderImpl]
2018-12-06 19:40:29,694  INFO  I18NMessageBuilderImpl.initialize()     [I18NMessageBuilderImpl]
2018-12-06 19:40:29,694  DEBUG I18NMessageBuilderImpl.key(String)     [I18NMessageBuilderImpl]
2018-12-06 19:40:29,694  DEBUG I18NMessageBuilderImpl.arguments(Object...)     [I18NMessageBuilderImpl]
2018-12-06 19:40:29,695  INFO  I18NMessageBuilderImpl.initialize()     [I18NMessageBuilderImpl]
2018-12-06 19:40:29,695  DEBUG I18NMessageBuilderImpl.key(String)     [I18NMessageBuilderImpl]
2018-12-06 19:40:29,695  INFO  I18NMessageBuilderImpl.initialize()     [I18NMessageBuilderImpl]
2018-12-06 19:40:29,696  DEBUG I18NMessageBuilderImpl.key(String)     [I18NMessageBuilderImpl]
2018-12-06 19:40:29,696  DEBUG I18NMessageBuilderImpl.arguments(Object...)     [I18NMessageBuilderImpl]
2018-12-06 19:40:29,696  INFO  I18NResourceBundleBuilderImpl.initialize()     [I18NResourceBundleBuilder]
2018-12-06 19:40:29,696  DEBUG I18NResourceBundleBuilderImpl.baseBundleName(String)     [I18NResourceBundleBuilderImpl]
2018-12-06 19:40:29,696  DEBUG I18NResourceBundleBuilderImpl.supportedLocales(Locale...)     [I18NResourceBundleBuilderImpl]
2018-12-06 19:40:29,697  DEBUG I18NResourceBundleBuilderImpl.defaultLocale(Locale)     [I18NResourceBundleBuilderImpl]
2018-12-06 19:40:29,697  DEBUG I18NResourceBundleBuilderImpl.actualLocale(Locale)     [I18NResourceBundleBuilderImpl]
2018-12-06 19:40:29,697  DEBUG I18NResourceBundleBuilderImpl.build()     [I18NResourceBundleBuilderImpl]
2018-12-06 19:40:29,697  INFO  I18NMessageBuilderImpl.initialize()     [I18NMessageBuilderImpl]
2018-12-06 19:40:29,697  DEBUG I18NMessageBuilderImpl.key(String)     [I18NMessageBuilderImpl]
2018-12-06 19:40:29,698  DEBUG I18NMessageBuilderImpl.arguments(Object...)     [I18NMessageBuilderImpl]
2018-12-06 19:40:29,698  DEBUG I18NMessageBuilderImpl.build()     [I18NMessageBuilderImpl]
2018-12-06 19:40:29,698  INFO  I18NMessageBuilderImpl.initialize()     [I18NMessageBuilderImpl]
2018-12-06 19:40:29,698  DEBUG I18NMessageBuilderImpl.key(String)     [I18NMessageBuilderImpl]
2018-12-06 19:40:29,698  DEBUG I18NMessageBuilderImpl.arguments(Object...)     [I18NMessageBuilderImpl]
2018-12-06 19:40:29,698  DEBUG I18NMessageBuilderImpl.build()     [I18NMessageBuilderImpl]
2018-12-06 19:40:29,700  INFO  I18NResourceBundleBuilderImpl.initialize()     [I18NResourceBundleBuilder]
2018-12-06 19:40:29,700  DEBUG I18NResourceBundleBuilderImpl.baseBundleName(String)     [I18NResourceBundleBuilderImpl]
2018-12-06 19:40:29,700  DEBUG I18NResourceBundleBuilderImpl.supportedLocales(Locale...)     [I18NResourceBundleBuilderImpl]
2018-12-06 19:40:29,701  DEBUG I18NResourceBundleBuilderImpl.defaultLocale(Locale)     [I18NResourceBundleBuilderImpl]
2018-12-06 19:40:29,702  DEBUG I18NResourceBundleBuilderImpl.actualLocale(Locale)     [I18NResourceBundleBuilderImpl]
2018-12-06 19:40:29,702  INFO  I18NResourceBundleBuilderImpl.initialize()     [I18NResourceBundleBuilder]
2018-12-06 19:40:29,702  DEBUG I18NResourceBundleBuilderImpl.baseBundleName(String)     [I18NResourceBundleBuilderImpl]
2018-12-06 19:40:29,703  INFO  I18NResourceBundleBuilderImpl.initialize()     [I18NResourceBundleBuilder]
2018-12-06 19:40:29,703  DEBUG I18NResourceBundleBuilderImpl.baseBundleName(String)     [I18NResourceBundleBuilderImpl]
2018-12-06 19:40:29,703  DEBUG I18NResourceBundleBuilderImpl.supportedLocales(Locale...)     [I18NResourceBundleBuilderImpl]
2018-12-06 19:40:29,703  DEBUG I18NResourceBundleBuilderImpl.defaultLocale(Locale)     [I18NResourceBundleBuilderImpl]
2018-12-06 19:40:29,703  INFO  I18NResourceBundleBuilderImpl.initialize()     [I18NResourceBundleBuilder]
2018-12-06 19:40:29,703  DEBUG I18NResourceBundleBuilderImpl.baseBundleName(String)     [I18NResourceBundleBuilderImpl]
2018-12-06 19:40:29,704  DEBUG I18NResourceBundleBuilderImpl.supportedLocales(Locale...)     [I18NResourceBundleBuilderImpl]
2018-12-06 19:40:29,704  INFO  I18NResourceBundleBuilderImpl.initialize()     [I18NResourceBundleBuilder]
2018-12-06 19:40:29,704  DEBUG I18NResourceBundleBuilderImpl.baseBundleName(String)     [I18NResourceBundleBuilderImpl]
2018-12-06 19:40:29,704  DEBUG I18NResourceBundleBuilderImpl.supportedLocales(ObservableList<Locale>)     [I18NResourceBundleBuilderImpl]
2018-12-06 19:40:29,704  INFO  I18NResourceBundleBuilderImpl.initialize()     [I18NResourceBundleBuilder]
2018-12-06 19:40:29,705  DEBUG I18NResourceBundleBuilderImpl.baseBundleName(String)     [I18NResourceBundleBuilderImpl]
2018-12-06 19:40:29,705  INFO  I18NResourceBundleBuilderImpl.initialize()     [I18NResourceBundleBuilder]
2018-12-06 19:40:29,705  DEBUG I18NResourceBundleBuilderImpl.baseBundleName(String)     [I18NResourceBundleBuilderImpl]
2018-12-06 19:40:29,705  DEBUG I18NResourceBundleBuilderImpl.supportedLocales(Locale...)     [I18NResourceBundleBuilderImpl]
2018-12-06 19:40:29,705  DEBUG I18NResourceBundleBuilderImpl.defaultLocale(Locale)     [I18NResourceBundleBuilderImpl]
2018-12-06 19:40:29,705  DEBUG I18NResourceBundleBuilderImpl.actualLocale(Locale)     [I18NResourceBundleBuilderImpl]
2018-12-06 19:40:29,705  DEBUG I18NResourceBundleBuilderImpl.build()     [I18NResourceBundleBuilderImpl]
2018-12-06 19:40:29,706  INFO  I18NResourceBundleBuilderImpl.initialize()     [I18NResourceBundleBuilder]
2018-12-06 19:40:29,706  DEBUG I18NResourceBundleBuilderImpl.baseBundleName(String)     [I18NResourceBundleBuilderImpl]
2018-12-06 19:40:29,706  DEBUG I18NResourceBundleBuilderImpl.supportedLocales(Locale...)     [I18NResourceBundleBuilderImpl]
2018-12-06 19:40:29,706  DEBUG I18NResourceBundleBuilderImpl.defaultLocale(Locale)     [I18NResourceBundleBuilderImpl]
2018-12-06 19:40:29,706  DEBUG I18NResourceBundleBuilderImpl.actualLocale(Locale)     [I18NResourceBundleBuilderImpl]
2018-12-06 19:40:29,706  DEBUG I18NResourceBundleBuilderImpl.build()     [I18NResourceBundleBuilderImpl]
2018-12-06 19:40:29,707  INFO  I18NResourceBundleBuilderImpl.initialize()     [I18NResourceBundleBuilder]
2018-12-06 19:40:29,707  DEBUG I18NResourceBundleBuilderImpl.baseBundleName(String)     [I18NResourceBundleBuilderImpl]
2018-12-06 19:40:29,707  DEBUG I18NResourceBundleBuilderImpl.supportedLocales(ObservableList<Locale>)     [I18NResourceBundleBuilderImpl]
2018-12-06 19:40:29,707  INFO  I18NResourceBundleBuilderImpl.initialize()     [I18NResourceBundleBuilder]
2018-12-06 19:40:29,707  DEBUG I18NResourceBundleBuilderImpl.baseBundleName(String)     [I18NResourceBundleBuilderImpl]
2018-12-06 19:40:29,708  DEBUG I18NResourceBundleBuilderImpl.supportedLocales(ObservableList<Locale>)     [I18NResourceBundleBuilderImpl]
2018-12-06 19:40:29,708  DEBUG I18NResourceBundleBuilderImpl.defaultLocale(Locale)     [I18NResourceBundleBuilderImpl]
2018-12-06 19:40:29,708  DEBUG I18NResourceBundleBuilderImpl.actualLocale(Locale)     [I18NResourceBundleBuilderImpl]
2018-12-06 19:40:29,708  DEBUG I18NResourceBundleBuilderImpl.build()     [I18NResourceBundleBuilderImpl]
